17:43:57 **** Incremental Build of configuration Debug for project Setup2 ****
make -j3 all 
arm-none-eabi-gcc "../Src/main.c" -mcpu=cortex-m4 -std=gnu11 -g3 -DDEBUG -DSTM32 -DSTM32F4 -DSTM32F411RETx -DSTM32F411xE -c -I../Inc -I"../../CMSIS/Include" -I"../../CMSIS/Device/ST/STM32F4xx/Include" -O0 -ffunction-sections -fdata-sections -Wall -fstack-usage -fcyclomatic-complexity -MMD -MP -MF"Src/main.d" -MT"Src/main.o" --specs=nano.specs -mfpu=fpv4-sp-d16 -mfloat-abi=hard -mthumb -o "Src/main.o"
../Src/main.c:8:10: fatal error: adc_config.h: No such file or directory
    8 | #include "adc_config.h"
      |          ^~~~~~~~~~~~~~
compilation terminated.
make: *** [Src/subdir.mk:25: Src/main.o] Error 1
"make -j3 all" terminated with exit code 2. Build might be incomplete.

17:43:58 Build Failed. 2 errors, 0 warnings. (took 308ms)

